<?xml version="1.0" encoding="UTF-8"?>
<!-- Generated by org.testng.reporters.JUnitReportReporter -->
<testsuite skipped="0" hostname="AMILTPBLR364" name="aut.com.viaExcel.datadrivenTesting.Dataprovider_Excel" tests="4" failures="0" timestamp="01 Oct 2018 15:42:40 GMT" time="55.333" errors="0">
  <testcase name="freecrmRegpage" time="15.421" classname="aut.com.viaExcel.datadrivenTesting.Dataprovider_Excel"/>
  <testcase name="freecrmRegpage" time="12.618" classname="aut.com.viaExcel.datadrivenTesting.Dataprovider_Excel"/>
  <testcase name="freecrmRegpage" time="14.304" classname="aut.com.viaExcel.datadrivenTesting.Dataprovider_Excel"/>
  <testcase name="freecrmRegpage" time="12.990" classname="aut.com.viaExcel.datadrivenTesting.Dataprovider_Excel"/>
</testsuite> <!-- aut.com.viaExcel.datadrivenTesting.Dataprovider_Excel -->
